The system is: Windows - 10.0.22000 - AMD64
Compiling the C compiler identification source file "CMakeCCompilerId.c" succeeded.
Compiler: C:/Program Files (x86)/Microsoft Visual Studio/2019/Community/VC/Tools/MSVC/14.29.30133/bin/Hostx86/x86/cl.exe 
Build flags: 
Id flags:  

The output was:
0
Microsoft (R) C/C++-Optimierungscompiler Version 19.29.30136 für x86
Copyright (C) Microsoft Corporation. Alle Rechte vorbehalten.

CMakeCCompilerId.c
Microsoft (R) Incremental Linker Version 14.29.30136.0
Copyright (C) Microsoft Corporation.  All rights reserved.

/out:CMakeCCompilerId.exe 
CMakeCCompilerId.obj 


Compilation of the C compiler identification source "CMakeCCompilerId.c" produced "CMakeCCompilerId.exe"

Compilation of the C compiler identification source "CMakeCCompilerId.c" produced "CMakeCCompilerId.obj"

The C compiler identification is MSVC, found in "D:/dev/cpp_projects/sparse_matrix/cmake-build-debug/CMakeFiles/3.20.2/CompilerIdC/CMakeCCompilerId.exe"

Compiling the CXX compiler identification source file "CMakeCXXCompilerId.cpp" succeeded.
Compiler: C:/Program Files (x86)/Microsoft Visual Studio/2019/Community/VC/Tools/MSVC/14.29.30133/bin/Hostx86/x86/cl.exe 
Build flags: 
Id flags:  

The output was:
0
Microsoft (R) C/C++-Optimierungscompiler Version 19.29.30136 für x86
Copyright (C) Microsoft Corporation. Alle Rechte vorbehalten.

CMakeCXXCompilerId.cpp
Microsoft (R) Incremental Linker Version 14.29.30136.0
Copyright (C) Microsoft Corporation.  All rights reserved.

/out:CMakeCXXCompilerId.exe 
CMakeCXXCompilerId.obj 


Compilation of the CXX compiler identification source "CMakeCXXCompilerId.cpp" produced "CMakeCXXCompilerId.exe"

Compilation of the CXX compiler identification source "CMakeCXXCompilerId.cpp" produced "CMakeCXXCompilerId.obj"

The CXX compiler identification is MSVC, found in "D:/dev/cpp_projects/sparse_matrix/cmake-build-debug/CMakeFiles/3.20.2/CompilerIdCXX/CMakeCXXCompilerId.exe"

Detecting C compiler ABI info compiled with the following output:
Change Dir: D:/dev/cpp_projects/sparse_matrix/cmake-build-debug/CMakeFiles/CMakeTmp

Run Build Command(s):nmake -f Makefile /nologo cmTC_2926e\fast && 	"C:\Program Files (x86)\Microsoft Visual Studio\2019\Community\VC\Tools\MSVC\14.29.30133\bin\HostX86\x86\nmake.exe"  -f CMakeFiles\cmTC_2926e.dir\build.make /nologo -L                  CMakeFiles\cmTC_2926e.dir\build
Building C object CMakeFiles/cmTC_2926e.dir/CMakeCCompilerABI.c.obj
	C:\Users\Jens\AppData\Local\JetBrains\Toolbox\apps\CLion\ch-0\212.5457.51\bin\cmake\win\bin\cmake.exe -E cmake_cl_compile_depends --dep-file=CMakeFiles\cmTC_2926e.dir\CMakeCCompilerABI.c.obj.d --working-dir=D:\dev\cpp_projects\sparse_matrix\cmake-build-debug\CMakeFiles\CMakeTmp --filter-prefix="" -- C:\PROGRA~2\MICROS~2\2019\COMMUN~1\VC\Tools\MSVC\1429~1.301\bin\Hostx86\x86\cl.exe @C:\Users\Jens\AppData\Local\Temp\nm21CD.tmp
Linking C executable cmTC_2926e.exe
	C:\Users\Jens\AppData\Local\JetBrains\Toolbox\apps\CLion\ch-0\212.5457.51\bin\cmake\win\bin\cmake.exe -E vs_link_exe --intdir=CMakeFiles\cmTC_2926e.dir --rc=C:\PROGRA~2\WI3CF2~1\10\bin\100190~1.0\x86\rc.exe --mt=C:\PROGRA~2\WI3CF2~1\10\bin\100190~1.0\x86\mt.exe --manifests -- C:\PROGRA~2\MICROS~2\2019\COMMUN~1\VC\Tools\MSVC\1429~1.301\bin\Hostx86\x86\link.exe /nologo @CMakeFiles\cmTC_2926e.dir\objects1.rsp @C:\Users\Jens\AppData\Local\Temp\nm23D2.tmp



Detecting CXX compiler ABI info compiled with the following output:
Change Dir: D:/dev/cpp_projects/sparse_matrix/cmake-build-debug/CMakeFiles/CMakeTmp

Run Build Command(s):nmake -f Makefile /nologo cmTC_6065e\fast && 	"C:\Program Files (x86)\Microsoft Visual Studio\2019\Community\VC\Tools\MSVC\14.29.30133\bin\HostX86\x86\nmake.exe"  -f CMakeFiles\cmTC_6065e.dir\build.make /nologo -L                  CMakeFiles\cmTC_6065e.dir\build
Building CXX object CMakeFiles/cmTC_6065e.dir/CMakeCXXCompilerABI.cpp.obj
	C:\Users\Jens\AppData\Local\JetBrains\Toolbox\apps\CLion\ch-0\212.5457.51\bin\cmake\win\bin\cmake.exe -E cmake_cl_compile_depends --dep-file=CMakeFiles\cmTC_6065e.dir\CMakeCXXCompilerABI.cpp.obj.d --working-dir=D:\dev\cpp_projects\sparse_matrix\cmake-build-debug\CMakeFiles\CMakeTmp --filter-prefix="" -- C:\PROGRA~2\MICROS~2\2019\COMMUN~1\VC\Tools\MSVC\1429~1.301\bin\Hostx86\x86\cl.exe @C:\Users\Jens\AppData\Local\Temp\nm27B9.tmp
Linking CXX executable cmTC_6065e.exe
	C:\Users\Jens\AppData\Local\JetBrains\Toolbox\apps\CLion\ch-0\212.5457.51\bin\cmake\win\bin\cmake.exe -E vs_link_exe --intdir=CMakeFiles\cmTC_6065e.dir --rc=C:\PROGRA~2\WI3CF2~1\10\bin\100190~1.0\x86\rc.exe --mt=C:\PROGRA~2\WI3CF2~1\10\bin\100190~1.0\x86\mt.exe --manifests -- C:\PROGRA~2\MICROS~2\2019\COMMUN~1\VC\Tools\MSVC\1429~1.301\bin\Hostx86\x86\link.exe /nologo @CMakeFiles\cmTC_6065e.dir\objects1.rsp @C:\Users\Jens\AppData\Local\Temp\nm2875.tmp



